-------------------------------------------------------------------------------
Test set: id.test.springboottesting.controller.UserControllerTest
-------------------------------------------------------------------------------
Tests run: 9, Failures: 4, Errors: 0, Skipped: 0, Time elapsed: 6.296 s <<< FAILURE! - in id.test.springboottesting.controller.UserControllerTest
shouldUpdateUser  Time elapsed: 0.752 s  <<< FAILURE!
java.lang.AssertionError: Status expected:<200> but was:<400>
	at id.test.springboottesting.controller.UserControllerTest.shouldUpdateUser(UserControllerTest.java:140)

shouldCreateNewUser  Time elapsed: 0.028 s  <<< FAILURE!
java.lang.AssertionError: Status expected:<201> but was:<400>
	at id.test.springboottesting.controller.UserControllerTest.shouldCreateNewUser(UserControllerTest.java:104)

shouldReturn404WhenUpdatingNonExistingUser  Time elapsed: 0.028 s  <<< FAILURE!
java.lang.AssertionError: Status expected:<404> but was:<400>
	at id.test.springboottesting.controller.UserControllerTest.shouldReturn404WhenUpdatingNonExistingUser(UserControllerTest.java:156)

shouldReturn400WhenCreateNewUserWithoutEmail  Time elapsed: 0.033 s  <<< FAILURE!
java.lang.AssertionError: 
Response header 'Content-Type'
Expected: is "application/problem+json"
     but: was "application/json"
	at id.test.springboottesting.controller.UserControllerTest.shouldReturn400WhenCreateNewUserWithoutEmail(UserControllerTest.java:119)

