<?xml version="1.0" encoding="UTF-8"?>
<testsuite xmlns:xsi="http://www.w3.org/2001/XMLSchema-instance" xsi:noNamespaceSchemaLocation="https://maven.apache.org/surefire/maven-surefire-plugin/xsd/surefire-test-report.xsd" name="id.test.springboottesting.controller.UserControllerTest" time="6.296" tests="9" errors="0" skipped="0" failures="4">
  <properties>
[...]
</properties>
  <testcase name="shouldUpdateUser" classname="id.test.springboottesting.controller.UserControllerTest" time="0.752">
    <failure message="Status expected:&lt;200&gt; but was:&lt;400&gt;" type="java.lang.AssertionError"><![CDATA[java.lang.AssertionError: Status expected:<200> but was:<400>
	at id.test.springboottesting.controller.UserControllerTest.shouldUpdateUser(UserControllerTest.java:140)
]]></failure>
    <system-out><![CDATA[00:27:47.982 [main] DEBUG org.springframework.test.context.BootstrapUtils - Instantiating CacheAwareContextLoaderDelegate from class [org.springframework.test.context.cache.DefaultCacheAwareContextLoaderDelegate]
00:27:48.032 [main] DEBUG org.springframework.test.context.BootstrapUtils - Instantiating BootstrapContext using constructor [public org.springframework.test.context.support.DefaultBootstrapContext(java.lang.Class,org.springframework.test.context.CacheAwareContextLoaderDelegate)]
00:27:48.152 [main] DEBUG org.springframework.test.context.BootstrapUtils - Instantiating TestContextBootstrapper for test class [id.test.springboottesting.controller.UserControllerTest] from class [org.springframework.boot.test.autoconfigure.web.servlet.WebMvcTestContextBootstrapper]
00:27:48.205 [main] INFO org.springframework.boot.test.autoconfigure.web.servlet.WebMvcTestContextBootstrapper - Neither @ContextConfiguration nor @ContextHierarchy found for test class [id.test.springboottesting.controller.UserControllerTest], using SpringBootContextLoader
00:27:48.221 [main] DEBUG org.springframework.test.context.support.AbstractContextLoader - Did not detect default resource location for test class [id.test.springboottesting.controller.UserControllerTest]: class path resource [id/test/springboottesting/controller/UserControllerTest-context.xml] does not exist
00:27:48.224 [main] DEBUG org.springframework.test.context.support.AbstractContextLoader - Did not detect default resource location for test class [id.test.springboottesting.controller.UserControllerTest]: class path resource [id/test/springboottesting/controller/UserControllerTestContext.groovy] does not exist
00:27:48.224 [main] INFO org.springframework.test.context.support.AbstractContextLoader - Could not detect default resource locations for test class [id.test.springboottesting.controller.UserControllerTest]: no resource found for suffixes {-context.xml, Context.groovy}.
00:27:48.228 [main] INFO org.springframework.test.context.support.AnnotationConfigContextLoaderUtils - Could not detect default configuration classes for test class [id.test.springboottesting.controller.UserControllerTest]: UserControllerTest does not declare any static, non-private, non-final, nested classes annotated with @Configuration.
00:27:48.612 [main] DEBUG org.springframework.context.annotation.ClassPathScanningCandidateComponentProvider - Identified candidate component class: file [D:\sample_src\spring-boot-rest-api-master\spring-boot-rest-api-master\target\classes\id\test\springboottesting\SpringBootTestingApplication.class]
00:27:48.614 [main] INFO org.springframework.boot.test.context.SpringBootTestContextBootstrapper - Found @SpringBootConfiguration id.test.springboottesting.SpringBootTestingApplication for test class id.test.springboottesting.controller.UserControllerTest
00:27:48.621 [main] DEBUG org.springframework.boot.test.autoconfigure.web.servlet.WebMvcTestContextBootstrapper - @TestExecutionListeners is not present for class [id.test.springboottesting.controller.UserControllerTest]: using defaults.
00:27:48.623 [main] INFO org.springframework.boot.test.autoconfigure.web.servlet.WebMvcTestContextBootstrapper - Loaded default TestExecutionListener class names from location [META-INF/spring.factories]: [org.springframework.boot.test.mock.mockito.MockitoTestExecutionListener, org.springframework.boot.test.mock.mockito.ResetMocksTestExecutionListener, org.springframework.boot.test.autoconfigure.restdocs.RestDocsTestExecutionListener, org.springframework.boot.test.autoconfigure.web.client.MockRestServiceServerResetTestExecutionListener, org.springframework.boot.test.autoconfigure.web.servlet.MockMvcPrintOnlyOnFailureTestExecutionListener, org.springframework.boot.test.autoconfigure.web.servlet.WebDriverTestExecutionListener, org.springframework.boot.test.autoconfigure.webservices.client.MockWebServiceServerTestExecutionListener, org.springframework.test.context.web.ServletTestExecutionListener, org.springframework.test.context.support.DirtiesContextBeforeModesTestExecutionListener, org.springframework.test.context.support.DependencyInjectionTestExecutionListener, org.springframework.test.context.support.DirtiesContextTestExecutionListener, org.springframework.test.context.transaction.TransactionalTestExecutionListener, org.springframework.test.context.jdbc.SqlScriptsTestExecutionListener, org.springframework.test.context.event.EventPublishingTestExecutionListener]
00:27:48.676 [main] INFO org.springframework.boot.test.autoconfigure.web.servlet.WebMvcTestContextBootstrapper - Using TestExecutionListeners: [org.springframework.test.context.web.ServletTestExecutionListener@2beee3e8, org.springframework.test.context.support.DirtiesContextBeforeModesTestExecutionListener@732d078d, org.springframework.boot.test.mock.mockito.MockitoTestExecutionListener@58bad46f, org.springframework.boot.test.autoconfigure.SpringBootDependencyInjectionTestExecutionListener@7c0e4e4e, org.springframework.test.context.support.DirtiesContextTestExecutionListener@20231384, org.springframework.test.context.transaction.TransactionalTestExecutionListener@3ba97962, org.springframework.test.context.jdbc.SqlScriptsTestExecutionListener@35becbd4, org.springframework.test.context.event.EventPublishingTestExecutionListener@3bcc8f13, org.springframework.boot.test.mock.mockito.ResetMocksTestExecutionListener@3cb04dd, org.springframework.boot.test.autoconfigure.restdocs.RestDocsTestExecutionListener@73d91faf, org.springframework.boot.test.autoconfigure.web.client.MockRestServiceServerResetTestExecutionListener@30fa8a6b, org.springframework.boot.test.autoconfigure.web.servlet.MockMvcPrintOnlyOnFailureTestExecutionListener@6f112f70, org.springframework.boot.test.autoconfigure.web.servlet.WebDriverTestExecutionListener@342723a3, org.springframework.boot.test.autoconfigure.webservices.client.MockWebServiceServerTestExecutionListener@f3876ef]
00:27:48.690 [main] DEBUG org.springframework.test.context.support.AbstractDirtiesContextTestExecutionListener - Before test class: context [DefaultTestContext@79c4f23b testClass = UserControllerTest, testInstance = [null], testMethod = [null], testException = [null], mergedContextConfiguration = [WebMergedContextConfiguration@160c7c42 testClass = UserControllerTest, locations = '{}', classes = '{class id.test.springboottesting.SpringBootTestingApplication}', contextInitializerClasses = '[]', activeProfiles = '{test}', propertySourceLocations = '{}', propertySourceProperties = '{org.springframework.boot.test.autoconfigure.web.servlet.WebMvcTestContextBootstrapper=true}', contextCustomizers = set[[ImportsContextCustomizer@15371de2 key = [org.springframework.boot.autoconfigure.cache.CacheAutoConfiguration, org.springframework.boot.autoconfigure.context.MessageSourceAutoConfiguration, org.springframework.boot.autoconfigure.data.web.SpringDataWebAutoConfiguration, org.springframework.boot.autoconfigure.freemarker.FreeMarkerAutoConfiguration, org.springframework.boot.autoconfigure.groovy.template.GroovyTemplateAutoConfiguration, org.springframework.boot.autoconfigure.gson.GsonAutoConfiguration, org.springframework.boot.autoconfigure.hateoas.HypermediaAutoConfiguration, org.springframework.boot.autoconfigure.http.HttpMessageConvertersAutoConfiguration, org.springframework.boot.autoconfigure.jackson.JacksonAutoConfiguration, org.springframework.boot.autoconfigure.jsonb.JsonbAutoConfiguration, org.springframework.boot.autoconfigure.mustache.MustacheAutoConfiguration, org.springframework.boot.autoconfigure.task.TaskExecutionAutoConfiguration, org.springframework.boot.autoconfigure.thymeleaf.ThymeleafAutoConfiguration, org.springframework.boot.autoconfigure.validation.ValidationAutoConfiguration, org.springframework.boot.autoconfigure.web.servlet.error.ErrorMvcAutoConfiguration, org.springframework.boot.autoconfigure.web.servlet.HttpEncodingAutoConfiguration, org.springframework.boot.autoconfigure.web.servlet.WebMvcAutoConfiguration, org.springframework.boot.test.autoconfigure.web.servlet.MockMvcAutoConfiguration, org.springframework.boot.test.autoconfigure.web.servlet.MockMvcWebClientAutoConfiguration, org.springframework.boot.test.autoconfigure.web.servlet.MockMvcWebDriverAutoConfiguration, org.springframework.boot.autoconfigure.security.oauth2.client.servlet.OAuth2ClientAutoConfiguration, org.springframework.boot.autoconfigure.security.oauth2.resource.servlet.OAuth2ResourceServerAutoConfiguration, org.springframework.boot.autoconfigure.security.servlet.SecurityAutoConfiguration, org.springframework.boot.autoconfigure.security.servlet.SecurityFilterAutoConfiguration, org.springframework.boot.autoconfigure.security.servlet.UserDetailsServiceAutoConfiguration, org.springframework.boot.test.autoconfigure.web.servlet.MockMvcSecurityConfiguration]], org.springframework.boot.test.context.filter.ExcludeFilterContextCustomizer@2fd1ad8a, org.springframework.boot.test.json.DuplicateJsonObjectContextCustomizerFactory$DuplicateJsonObjectContextCustomizer@4b9dbf07, org.springframework.boot.test.mock.mockito.MockitoContextCustomizer@c7ddb99e, org.springframework.boot.test.autoconfigure.OverrideAutoConfigurationContextCustomizerFactory$DisableAutoConfigurationContextCustomizer@19b5214b, org.springframework.boot.test.autoconfigure.filter.TypeExcludeFiltersContextCustomizer@8f03afbc, org.springframework.boot.test.autoconfigure.properties.PropertyMappingContextCustomizer@29a7fbfd, org.springframework.boot.test.autoconfigure.web.servlet.WebDriverContextCustomizerFactory$Customizer@34c76167, org.springframework.boot.test.context.SpringBootTestArgs@1, org.springframework.boot.test.context.SpringBootTestWebEnvironment@0], resourceBasePath = 'src/main/webapp', contextLoader = 'org.springframework.boot.test.context.SpringBootContextLoader', parent = [null]], attributes = map[[empty]]], class annotated with @DirtiesContext [false] with mode [null].
00:27:48.821 [main] DEBUG org.springframework.core.env.StandardEnvironment - Activating profiles [test]
00:27:48.836 [main] DEBUG org.springframework.test.context.support.TestPropertySourceUtils - Adding inlined properties to environment: {spring.jmx.enabled=false, org.springframework.boot.test.autoconfigure.web.servlet.WebMvcTestContextBootstrapper=true}

  .   ____          _            __ _ _
 /\\ / ___'_ __ _ _(_)_ __  __ _ \ \ \ \
( ( )\___ | '_ | '_| | '_ \/ _` | \ \ \ \
 \\/  ___)| |_)| | | | | || (_| |  ) ) ) )
  '  |____| .__|_| |_|_| |_\__, | / / / /
 =========|_|==============|___/=/_/_/_/
 :: Spring Boot ::        (v2.3.5.RELEASE)

2021-01-25 00:27:49.764  INFO 36688 --- [           main] i.t.s.controller.UserControllerTest      : Starting UserControllerTest on IC0-W-N11611 with PID 36688 (started by 203866 in D:\sample_src\spring-boot-rest-api-master\spring-boot-rest-api-master)
2021-01-25 00:27:49.767  INFO 36688 --- [           main] i.t.s.controller.UserControllerTest      : The following profiles are active: test
2021-01-25 00:27:52.409  INFO 36688 --- [           main] o.s.s.concurrent.ThreadPoolTaskExecutor  : Initializing ExecutorService 'applicationTaskExecutor'
2021-01-25 00:27:52.901  INFO 36688 --- [           main] o.s.b.t.m.w.SpringBootMockServletContext : Initializing Spring TestDispatcherServlet ''
2021-01-25 00:27:52.901  INFO 36688 --- [           main] o.s.t.web.servlet.TestDispatcherServlet  : Initializing Servlet ''
2021-01-25 00:27:52.928  INFO 36688 --- [           main] o.s.t.web.servlet.TestDispatcherServlet  : Completed initialization in 27 ms
2021-01-25 00:27:52.986  INFO 36688 --- [           main] i.t.s.controller.UserControllerTest      : Started UserControllerTest in 4.121 seconds (JVM running for 6.497)
2021-01-25 00:27:53.680  INFO 36688 --- [           main] i.t.s.exception.ExceptionHandling        : Entity is not valid.

MockHttpServletRequest:
      HTTP Method = PUT
      Request URI = /api/users/1
       Parameters = {}
          Headers = [Content-Type:"application/json;charset=UTF-8", Content-Length:"65"]
             Body = {"id":1,"email":"user1@gmail.com","password":"pwd","name":"Name"}
    Session Attrs = {}

Handler:
             Type = id.test.springboottesting.controller.UserController
           Method = id.test.springboottesting.controller.UserController#updateUser(Long, User)

Async:
    Async started = false
     Async result = null

Resolved Exception:
             Type = javax.validation.ValidationException

ModelAndView:
        View name = null
             View = null
            Model = null

FlashMap:
       Attributes = null

MockHttpServletResponse:
           Status = 400
    Error message = null
          Headers = [Content-Type:"application/json"]
     Content type = application/json
             Body = {"Status":"400 BAD_REQUEST","Cause":"Password must be 8 or more characters in length.,Password must contain 1 or more uppercase characters.,Password must contain 1 or more digit characters.,Password must contain 1 or more special characters.","Solution":"Please enter a valid entity with proper constraints"}
    Forwarded URL = null
   Redirected URL = null
          Cookies = []
]]></system-out>
  </testcase>
  <testcase name="shouldCreateNewUser" classname="id.test.springboottesting.controller.UserControllerTest" time="0.028">
    <failure message="Status expected:&lt;201&gt; but was:&lt;400&gt;" type="java.lang.AssertionError"><![CDATA[java.lang.AssertionError: Status expected:<201> but was:<400>
	at id.test.springboottesting.controller.UserControllerTest.shouldCreateNewUser(UserControllerTest.java:104)
]]></failure>
    <system-out><![CDATA[2021-01-25 00:27:53.773  INFO 36688 --- [           main] i.t.s.exception.ExceptionHandling        : Entity is not valid.

MockHttpServletRequest:
      HTTP Method = POST
      Request URI = /api/users
       Parameters = {}
          Headers = [Content-Type:"application/json;charset=UTF-8", Content-Length:"71"]
             Body = {"id":null,"email":"newuser1@gmail.com","password":"pwd","name":"Name"}
    Session Attrs = {}

Handler:
             Type = id.test.springboottesting.controller.UserController
           Method = id.test.springboottesting.controller.UserController#createUser(User)

Async:
    Async started = false
     Async result = null

Resolved Exception:
             Type = javax.validation.ValidationException

ModelAndView:
        View name = null
             View = null
            Model = null

FlashMap:
       Attributes = null

MockHttpServletResponse:
           Status = 400
    Error message = null
          Headers = [Content-Type:"application/json"]
     Content type = application/json
             Body = {"Status":"400 BAD_REQUEST","Cause":"Password must be 8 or more characters in length.,Password must contain 1 or more uppercase characters.,Password must contain 1 or more digit characters.,Password must contain 1 or more special characters.","Solution":"Please enter a valid entity with proper constraints"}
    Forwarded URL = null
   Redirected URL = null
          Cookies = []
]]></system-out>
  </testcase>
  <testcase name="shouldFetchOneUserById" classname="id.test.springboottesting.controller.UserControllerTest" time="0.157"/>
  <testcase name="shouldReturn404WhenDeletingNonExistingUser" classname="id.test.springboottesting.controller.UserControllerTest" time="0"/>
  <testcase name="shouldDeleteUser" classname="id.test.springboottesting.controller.UserControllerTest" time="0.042"/>
  <testcase name="shouldFetchAllUsers" classname="id.test.springboottesting.controller.UserControllerTest" time="0.036"/>
  <testcase name="shouldReturn404WhenFindUserById" classname="id.test.springboottesting.controller.UserControllerTest" time="0.026"/>
  <testcase name="shouldReturn404WhenUpdatingNonExistingUser" classname="id.test.springboottesting.controller.UserControllerTest" time="0.028">
    <failure message="Status expected:&lt;404&gt; but was:&lt;400&gt;" type="java.lang.AssertionError"><![CDATA[java.lang.AssertionError: Status expected:<404> but was:<400>
	at id.test.springboottesting.controller.UserControllerTest.shouldReturn404WhenUpdatingNonExistingUser(UserControllerTest.java:156)
]]></failure>
    <system-out><![CDATA[2021-01-25 00:27:54.078  INFO 36688 --- [           main] i.t.s.exception.ExceptionHandling        : Entity is not valid.

MockHttpServletRequest:
      HTTP Method = PUT
      Request URI = /api/users/1
       Parameters = {}
          Headers = [Content-Type:"application/json;charset=UTF-8", Content-Length:"65"]
             Body = {"id":1,"email":"user1@gmail.com","password":"pwd","name":"Name"}
    Session Attrs = {}

Handler:
             Type = id.test.springboottesting.controller.UserController
           Method = id.test.springboottesting.controller.UserController#updateUser(Long, User)

Async:
    Async started = false
     Async result = null

Resolved Exception:
             Type = javax.validation.ValidationException

ModelAndView:
        View name = null
             View = null
            Model = null

FlashMap:
       Attributes = null

MockHttpServletResponse:
           Status = 400
    Error message = null
          Headers = [Content-Type:"application/json"]
     Content type = application/json
             Body = {"Status":"400 BAD_REQUEST","Cause":"Password must be 8 or more characters in length.,Password must contain 1 or more uppercase characters.,Password must contain 1 or more digit characters.,Password must contain 1 or more special characters.","Solution":"Please enter a valid entity with proper constraints"}
    Forwarded URL = null
   Redirected URL = null
          Cookies = []
]]></system-out>
  </testcase>
  <testcase name="shouldReturn400WhenCreateNewUserWithoutEmail" classname="id.test.springboottesting.controller.UserControllerTest" time="0.033">
    <failure message="Response header &apos;Content-Type&apos;&#10;Expected: is &quot;application/problem+json&quot;&#10;     but: was &quot;application/json&quot;" type="java.lang.AssertionError">java.lang.AssertionError: 
Response header 'Content-Type'
Expected: is "application/problem+json"
     but: was "application/json"
	at id.test.springboottesting.controller.UserControllerTest.shouldReturn400WhenCreateNewUserWithoutEmail(UserControllerTest.java:119)
</failure>
    <system-out><![CDATA[2021-01-25 00:27:54.109  INFO 36688 --- [           main] i.t.s.exception.ExceptionHandling        : Entity is not valid.

MockHttpServletRequest:
      HTTP Method = POST
      Request URI = /api/users
       Parameters = {}
          Headers = [Content-Type:"application/json;charset=UTF-8", Content-Length:"55"]
             Body = {"id":null,"email":null,"password":"pwd","name":"Name"}
    Session Attrs = {}

Handler:
             Type = id.test.springboottesting.controller.UserController
           Method = id.test.springboottesting.controller.UserController#createUser(User)

Async:
    Async started = false
     Async result = null

Resolved Exception:
             Type = javax.validation.ValidationException

ModelAndView:
        View name = null
             View = null
            Model = null

FlashMap:
       Attributes = null

MockHttpServletResponse:
           Status = 400
    Error message = null
          Headers = [Content-Type:"application/json"]
     Content type = application/json
             Body = {"Status":"400 BAD_REQUEST","Cause":"Password must be 8 or more characters in length.,Password must contain 1 or more uppercase characters.,Password must contain 1 or more digit characters.,Password must contain 1 or more special characters.","Solution":"Please enter a valid entity with proper constraints"}
    Forwarded URL = null
   Redirected URL = null
          Cookies = []
]]></system-out>
  </testcase>
</testsuite>