<?xml version="1.0" encoding="UTF-8"?>
<testsuite xmlns:xsi="http://www.w3.org/2001/XMLSchema-instance" xsi:noNamespaceSchemaLocation="https://maven.apache.org/surefire/maven-surefire-plugin/xsd/surefire-test-report.xsd" name="id.test.springboottesting.service.UserServiceTest" time="0.244" tests="6" errors="0" skipped="0" failures="0">
  <properties>
[...]
</properties>
  <testcase name="shouldBeDelete" classname="id.test.springboottesting.service.UserServiceTest" time="0.132"/>
  <testcase name="shouldReturnFindAll" classname="id.test.springboottesting.service.UserServiceTest" time="0.012"/>
  <testcase name="shouldThrowErrorWhenSaveUserWithExistingEmail" classname="id.test.springboottesting.service.UserServiceTest" time="0.005"/>
  <testcase name="updateUser" classname="id.test.springboottesting.service.UserServiceTest" time="0.085"/>
  <testcase name="findUserById" classname="id.test.springboottesting.service.UserServiceTest" time="0.003"/>
  <testcase name="shouldSavedUserSuccessFully" classname="id.test.springboottesting.service.UserServiceTest" time="0.003"/>
</testsuite>